0 info it worked if it ends with ok
1 verbose cli [ '/usr/local/bin/node',
1 verbose cli   '/usr/local/bin/npm',
1 verbose cli   'start',
1 verbose cli   'server.js' ]
2 info using npm@1.4.21
3 info using node@v0.13.0-pre
4 error Error: ENOENT, open '/var/www/mikield/www/nodejs/node_modules/server.js/package.json'
4 error     at Error (native)
5 error If you need help, you may report this *entire* log,
5 error including the npm and node versions, at:
5 error     <http://github.com/npm/npm/issues>
6 error System Linux 3.2.0-4-amd64
7 error command "/usr/local/bin/node" "/usr/local/bin/npm" "start" "server.js"
8 error cwd /var/www/mikield/www/nodejs
9 error node -v v0.13.0-pre
10 error npm -v 1.4.21
11 error path /var/www/mikield/www/nodejs/node_modules/server.js/package.json
12 error code ENOENT
13 error errno -2
14 verbose exit [ -2, true ]
